2024-12-11 16:45:03,702 - INFO - Attempting to read Inventory Transactions file: C:\Users\jacob.bues\GXOPlanning\iSTOP_Analysis\Inventory_Transactions_09_12_2024_10_12_2024.csv
2024-12-11 16:45:04,617 - INFO - Inventory Transactions file loaded. Total rows: 475485
2024-12-11 16:45:04,617 - DEBUG - Setting column headers: ['CODE', 'SKU_ID', 'FROM_LOC_ID', 'TO_LOC_ID', 'FINAL_LOC_ID', 'ORIGINAL_QTY', 'UPDATE_QTY', 'TAG_ID', 'DTSTAMP', 'CONSIGNMENT', 'CONTAINER_ID', 'LIST_ID', 'PALLET_CONFIG', 'USER_DEF_TYPE_6', 'USER_ID', 'Process_Date']
2024-12-11 16:45:04,617 - INFO - Beginning datetime conversion for DTSTAMP
2024-12-11 16:45:06,518 - INFO - Filtering data for User: WOODTO
2024-12-11 16:45:06,540 - INFO - Sorted DTSTAMP data for User WOODTO:
2024-12-11 16:45:06,540 - INFO - Index 112364: 2024-12-09 10:52:22.443837
2024-12-11 16:45:06,540 - INFO - Index 104751: 2024-12-09 10:54:10.362030
2024-12-11 16:45:06,541 - INFO - Index 101026: 2024-12-09 10:58:09.885637
2024-12-11 16:45:06,541 - INFO - Index 104981: 2024-12-09 10:59:54.562058
2024-12-11 16:45:06,541 - INFO - Index 102341: 2024-12-09 11:02:49.948129
2024-12-11 16:45:06,541 - INFO - Index 102435: 2024-12-09 11:04:34.494886
2024-12-11 16:45:06,541 - INFO - Index 100836: 2024-12-09 11:07:20.039550
2024-12-11 16:45:06,541 - INFO - Index 102769: 2024-12-09 11:09:10.094609
2024-12-11 16:45:06,541 - INFO - Index 101031: 2024-12-09 11:12:20.442601
2024-12-11 16:45:06,541 - INFO - Index 95877: 2024-12-09 11:15:03.234361
2024-12-11 16:45:06,541 - INFO - Index 110305: 2024-12-09 11:17:32.289297
2024-12-11 16:45:06,541 - INFO - Index 104488: 2024-12-09 11:19:13.443988
2024-12-11 16:45:06,541 - INFO - Index 98864: 2024-12-09 11:22:46.824803
2024-12-11 16:45:06,541 - INFO - Index 114363: 2024-12-09 11:30:10.106938
2024-12-11 16:45:06,541 - INFO - Index 105768: 2024-12-09 11:52:55.441028
2024-12-11 16:45:06,541 - INFO - Index 112695: 2024-12-09 11:56:42.089076
2024-12-11 16:45:06,541 - INFO - Index 79719: 2024-12-09 12:00:31.196326
2024-12-11 16:45:06,542 - INFO - Index 94417: 2024-12-09 12:02:21.234481
2024-12-11 16:45:06,542 - INFO - Index 112699: 2024-12-09 12:05:54.154158
2024-12-11 16:45:06,542 - INFO - Index 118009: 2024-12-09 12:08:09.185297
2024-12-11 16:45:06,542 - INFO - Index 76352: 2024-12-09 12:11:00.015524
2024-12-11 16:45:06,542 - INFO - Index 130709: 2024-12-09 12:14:16.316582
2024-12-11 16:45:06,542 - INFO - Index 110973: 2024-12-09 12:19:02.419013
2024-12-11 16:45:06,542 - INFO - Index 146998: 2024-12-09 12:21:05.476254
2024-12-11 16:45:06,542 - INFO - Index 113902: 2024-12-09 12:31:29.963505
2024-12-11 16:45:06,542 - INFO - Index 108729: 2024-12-09 12:34:41.056153
2024-12-11 16:45:06,542 - INFO - Index 88976: 2024-12-09 12:55:10.166419
2024-12-11 16:45:06,542 - INFO - Index 94366: 2024-12-09 12:57:53.103451
2024-12-11 16:45:06,542 - INFO - Index 130730: 2024-12-09 13:04:23.842859
2024-12-11 16:45:06,542 - INFO - Index 6606: 2024-12-09 13:08:15.635908
2024-12-11 16:45:06,542 - INFO - Index 146962: 2024-12-09 13:32:40.648875
2024-12-11 16:45:06,542 - INFO - Index 145497: 2024-12-09 13:40:11.644968
2024-12-11 16:45:06,542 - INFO - Index 125558: 2024-12-09 13:46:11.120964
2024-12-11 16:45:06,543 - INFO - Index 95212: 2024-12-09 13:48:46.619451
2024-12-11 16:45:06,543 - INFO - Index 311477: 2024-12-10 08:15:56.504820
2024-12-11 16:45:06,543 - INFO - Index 325420: 2024-12-10 08:17:18.526346
2024-12-11 16:45:06,543 - INFO - Index 322809: 2024-12-10 08:29:50.969623
2024-12-11 16:45:06,543 - INFO - Index 296563: 2024-12-10 08:33:15.831236
2024-12-11 16:45:06,543 - INFO - Index 321571: 2024-12-10 08:34:42.659708
2024-12-11 16:45:06,543 - INFO - Index 293673: 2024-12-10 08:45:18.091539
2024-12-11 16:45:06,543 - INFO - Index 294220: 2024-12-10 08:49:44.211571
2024-12-11 16:45:06,543 - INFO - Index 311499: 2024-12-10 08:54:13.038720
2024-12-11 16:45:06,543 - INFO - Index 314754: 2024-12-10 09:02:36.570578
2024-12-11 16:45:06,543 - INFO - Index 374658: 2024-12-10 14:18:13.902778
2024-12-11 16:45:06,543 - INFO - Index 465940: 2024-12-10 14:20:29.210195
2024-12-11 16:45:06,543 - INFO - Index 469369: 2024-12-10 14:20:50.359022
2024-12-11 16:45:06,543 - INFO - Index 472617: 2024-12-10 14:21:59.488764
2024-12-11 16:45:06,543 - INFO - Index 472626: 2024-12-10 14:22:49.473243
2024-12-11 16:45:06,544 - INFO - Index 461413: 2024-12-10 14:24:08.038715
2024-12-11 16:45:06,544 - INFO - Index 461417: 2024-12-10 14:24:24.444328
2024-12-11 16:45:06,544 - INFO - Index 461420: 2024-12-10 14:24:37.785385
2024-12-11 16:45:06,544 - INFO - Index 462023: 2024-12-10 14:24:57.505785
2024-12-11 16:45:06,544 - INFO - Index 462032: 2024-12-10 14:25:24.358518
2024-12-11 16:45:06,544 - INFO - Index 462512: 2024-12-10 14:25:43.846573
2024-12-11 16:45:06,544 - INFO - Index 462517: 2024-12-10 14:26:00.363154
2024-12-11 16:45:06,544 - INFO - Index 464032: 2024-12-10 14:26:28.502666
2024-12-11 16:45:06,544 - INFO - Index 465536: 2024-12-10 14:27:07.905806
2024-12-11 16:45:06,544 - INFO - Index 470741: 2024-12-10 14:28:29.001450
2024-12-11 16:45:06,544 - INFO - Index 473970: 2024-12-10 14:29:16.759532
2024-12-11 16:45:06,544 - INFO - Index 461422: 2024-12-10 14:29:35.105815
2024-12-11 16:45:06,544 - INFO - Index 462527: 2024-12-10 14:30:08.723167
2024-12-11 16:45:06,544 - INFO - Index 464045: 2024-12-10 14:35:33.549060
2024-12-11 16:45:06,544 - INFO - Index 466735: 2024-12-10 14:36:52.104370
2024-12-11 16:45:06,544 - INFO - Index 467209: 2024-12-10 14:37:14.901950
2024-12-11 16:45:06,545 - INFO - Index 471266: 2024-12-10 14:38:38.317530
2024-12-11 16:45:06,545 - INFO - Index 472648: 2024-12-10 14:39:13.471622
2024-12-11 16:45:06,545 - INFO - Index 469879: 2024-12-10 14:42:16.276567
2024-12-11 16:45:06,545 - INFO - Index 470761: 2024-12-10 14:42:50.454921
2024-12-11 16:45:06,545 - INFO - Index 472215: 2024-12-10 14:43:09.652127
2024-12-11 16:45:06,545 - INFO - Index 472217: 2024-12-10 14:43:21.757589
2024-12-11 16:45:06,545 - INFO - Index 473984: 2024-12-10 14:43:45.423980
2024-12-11 16:45:06,545 - INFO - Index 461448: 2024-12-10 14:45:02.639559
2024-12-11 16:45:06,545 - INFO - Index 462552: 2024-12-10 14:46:22.480163
2024-12-11 16:45:06,545 - INFO - Index 465567: 2024-12-10 14:47:13.794985
2024-12-11 16:45:06,545 - INFO - Index 467235: 2024-12-10 14:47:56.512835
2024-12-11 16:45:06,545 - INFO - Index 468934: 2024-12-10 14:48:36.684158
2024-12-11 16:45:06,545 - INFO - Index 469414: 2024-12-10 14:49:17.343513
2024-12-11 16:45:06,545 - INFO - Index 474486: 2024-12-10 15:00:10.518901
2024-12-11 16:45:06,545 - INFO - Index 474487: 2024-12-10 15:00:10.555551
2024-12-11 16:45:06,545 - INFO - Index 475221: 2024-12-10 15:00:10.604436
2024-12-11 16:45:06,545 - INFO - Index 475222: 2024-12-10 15:00:10.645304
2024-12-11 16:45:06,546 - INFO - Index 475223: 2024-12-10 15:00:10.691528
2024-12-11 16:45:06,546 - INFO - Index 475224: 2024-12-10 15:00:10.956952
2024-12-11 16:45:06,546 - INFO - Index 445333: 2024-12-10 15:00:10.996453
2024-12-11 16:45:06,546 - INFO - Index 461697: 2024-12-10 15:00:11.020038
2024-12-11 16:45:06,546 - INFO - Index 475225: 2024-12-10 15:00:11.038854
2024-12-11 16:45:06,546 - INFO - Index 445334: 2024-12-10 15:00:11.073063
2024-12-11 16:45:06,546 - INFO - Index 461698: 2024-12-10 15:00:11.093691
2024-12-11 16:45:06,546 - INFO - Index 475226: 2024-12-10 15:00:11.117395
2024-12-11 16:45:06,546 - INFO - Index 445335: 2024-12-10 15:00:11.144317
2024-12-11 16:45:06,546 - INFO - Index 461699: 2024-12-10 15:00:11.164978
2024-12-11 16:45:06,546 - INFO - Index 475227: 2024-12-10 15:00:11.181475
2024-12-11 16:45:06,546 - INFO - Index 445336: 2024-12-10 15:00:11.207021
2024-12-11 16:45:06,546 - INFO - Index 461700: 2024-12-10 15:00:11.231620
2024-12-11 16:45:06,546 - INFO - Index 475228: 2024-12-10 15:00:11.247769
2024-12-11 16:45:06,546 - INFO - Index 445337: 2024-12-10 15:00:11.267554
2024-12-11 16:45:06,546 - INFO - Index 461701: 2024-12-10 15:00:11.292222
2024-12-11 16:45:06,547 - INFO - Index 475229: 2024-12-10 15:00:11.309795
2024-12-11 16:45:06,547 - INFO - Index 445338: 2024-12-10 15:00:11.330747
2024-12-11 16:45:06,547 - INFO - Index 461702: 2024-12-10 15:00:11.356202
2024-12-11 16:45:06,547 - INFO - Index 475230: 2024-12-10 15:00:11.373326
2024-12-11 16:45:06,547 - INFO - Index 445339: 2024-12-10 15:00:11.395318
2024-12-11 16:45:06,547 - INFO - Index 461703: 2024-12-10 15:00:11.414466
2024-12-11 16:45:06,547 - INFO - Index 475231: 2024-12-10 15:00:11.429941
2024-12-11 16:45:06,547 - INFO - Index 445340: 2024-12-10 15:00:11.452894
2024-12-11 16:45:06,547 - INFO - Index 462731: 2024-12-10 15:00:11.472661
2024-12-11 16:45:06,547 - INFO - Index 475232: 2024-12-10 15:00:11.489772
2024-12-11 16:45:06,547 - INFO - Index 445341: 2024-12-10 15:00:11.514901
2024-12-11 16:45:06,547 - INFO - Index 462732: 2024-12-10 15:00:11.555105
2024-12-11 16:45:06,547 - INFO - Index 475233: 2024-12-10 15:00:11.583071
2024-12-11 16:45:06,547 - INFO - Index 445342: 2024-12-10 15:00:11.610390
2024-12-11 16:45:06,547 - INFO - Index 462733: 2024-12-10 15:00:11.631784
2024-12-11 16:45:06,547 - INFO - Index 475234: 2024-12-10 15:00:11.658478
2024-12-11 16:45:06,547 - INFO - Index 445343: 2024-12-10 15:00:11.691257
2024-12-11 16:45:06,548 - INFO - Index 462734: 2024-12-10 15:00:11.718722
2024-12-11 16:45:06,548 - INFO - Index 452262: 2024-12-10 15:00:11.742982
2024-12-11 16:45:06,548 - INFO - Index 448147: 2024-12-10 15:00:11.771179
2024-12-11 16:45:06,548 - INFO - Index 462735: 2024-12-10 15:00:11.796663
2024-12-11 16:45:06,548 - INFO - Index 452263: 2024-12-10 15:00:11.819372
2024-12-11 16:45:06,548 - INFO - Index 448148: 2024-12-10 15:00:11.842406
2024-12-11 16:45:06,548 - INFO - Index 462736: 2024-12-10 15:00:11.866437
2024-12-11 16:45:06,548 - INFO - Index 452264: 2024-12-10 15:00:11.883526
2024-12-11 16:45:06,548 - INFO - Index 448149: 2024-12-10 15:00:11.905220
2024-12-11 16:45:06,548 - INFO - Index 462737: 2024-12-10 15:00:11.925183
2024-12-11 16:45:06,548 - INFO - Index 452265: 2024-12-10 15:00:11.951013
2024-12-11 16:45:06,548 - INFO - Index 448150: 2024-12-10 15:00:11.992808
2024-12-11 16:45:06,548 - INFO - Index 452266: 2024-12-10 15:00:12.016667
2024-12-11 16:45:06,548 - INFO - Index 448151: 2024-12-10 15:00:12.044471
2024-12-11 16:45:06,548 - INFO - Index 452267: 2024-12-10 15:00:12.066717
2024-12-11 16:45:06,549 - INFO - Index 448152: 2024-12-10 15:00:12.097978
2024-12-11 16:45:06,549 - INFO - Index 452268: 2024-12-10 15:00:12.121649
2024-12-11 16:45:06,549 - INFO - Index 448169: 2024-12-10 15:00:12.149849
2024-12-11 16:45:06,549 - INFO - Index 452269: 2024-12-10 15:00:12.168563
2024-12-11 16:45:06,549 - INFO - Index 448170: 2024-12-10 15:00:12.190980
2024-12-11 16:45:06,549 - INFO - Index 452270: 2024-12-10 15:00:12.209485
2024-12-11 16:45:06,549 - INFO - Index 448171: 2024-12-10 15:00:12.231807
2024-12-11 16:45:06,549 - INFO - Index 452271: 2024-12-10 15:00:12.251796
2024-12-11 16:45:06,549 - INFO - Index 448172: 2024-12-10 15:00:12.274228
2024-12-11 16:45:06,549 - INFO - Index 452272: 2024-12-10 15:00:12.291017
2024-12-11 16:45:06,549 - INFO - Index 448173: 2024-12-10 15:00:12.312578
2024-12-11 16:45:06,549 - INFO - Index 452273: 2024-12-10 15:00:12.336180
2024-12-11 16:45:06,549 - INFO - Index 448174: 2024-12-10 15:00:12.356116
2024-12-11 16:45:06,549 - INFO - Index 452274: 2024-12-10 15:00:12.372349
2024-12-11 16:45:06,549 - INFO - Index 448175: 2024-12-10 15:00:12.398078
2024-12-11 16:45:06,549 - INFO - Index 452275: 2024-12-10 15:00:12.419535
2024-12-11 16:45:06,550 - INFO - Index 448176: 2024-12-10 15:00:12.454457
2024-12-11 16:45:06,550 - INFO - Index 452721: 2024-12-10 15:00:12.475747
2024-12-11 16:45:06,550 - INFO - Index 451240: 2024-12-10 15:00:12.508702
2024-12-11 16:45:06,550 - INFO - Index 452722: 2024-12-10 15:00:12.537194
2024-12-11 16:45:06,550 - INFO - Index 451241: 2024-12-10 15:00:12.568176
2024-12-11 16:45:06,550 - INFO - Index 452723: 2024-12-10 15:00:12.592297
2024-12-11 16:45:06,550 - INFO - Index 451242: 2024-12-10 15:00:12.620170
2024-12-11 16:45:06,550 - INFO - Index 452724: 2024-12-10 15:00:12.639469
2024-12-11 16:45:06,550 - INFO - Index 452725: 2024-12-10 15:00:12.693518
2024-12-11 16:45:06,550 - INFO - Index 452726: 2024-12-10 15:00:12.739694
2024-12-11 16:45:06,550 - INFO - Index 452727: 2024-12-10 15:00:12.797035
2024-12-11 16:45:06,550 - INFO - Index 458590: 2024-12-10 15:08:08.721746
2024-12-11 16:45:06,550 - INFO - Index 431979: 2024-12-10 15:09:29.273330
2024-12-11 16:45:06,550 - INFO - Index 458602: 2024-12-10 15:13:41.056632
2024-12-11 16:45:06,550 - INFO - Index 468327: 2024-12-10 15:16:52.058269
2024-12-11 16:45:06,550 - INFO - Index 446712: 2024-12-10 15:22:20.359110
2024-12-11 16:45:06,550 - INFO - Index 446713: 2024-12-10 15:22:20.404575
2024-12-11 16:45:06,551 - INFO - Index 446714: 2024-12-10 15:22:20.438231
2024-12-11 16:45:06,551 - INFO - Index 445804: 2024-12-10 15:35:14.721959
2024-12-11 16:45:06,551 - INFO - Index 437248: 2024-12-10 15:35:59.815577
2024-12-11 16:45:06,551 - INFO - Index 426640: 2024-12-10 15:36:46.884501
2024-12-11 16:45:06,551 - INFO - Index 435722: 2024-12-10 15:37:11.066697
2024-12-11 16:45:06,551 - INFO - Index 436422: 2024-12-10 15:37:35.962579
2024-12-11 16:45:06,551 - INFO - Index 426501: 2024-12-10 15:37:55.030458
2024-12-11 16:45:06,551 - INFO - Index 440236: 2024-12-10 15:41:36.321397
2024-12-11 16:45:06,551 - INFO - Index 446317: 2024-12-10 16:05:14.954033
2024-12-11 16:45:06,551 - INFO - Index 446323: 2024-12-10 16:05:37.137921
2024-12-11 16:45:06,551 - INFO - Index 435768: 2024-12-10 16:06:24.306072
2024-12-11 16:45:06,551 - INFO - Index 429952: 2024-12-10 16:06:55.276104
2024-12-11 16:45:06,551 - INFO - Index 440309: 2024-12-10 16:07:17.539732
2024-12-11 16:45:06,551 - INFO - Index 440317: 2024-12-10 16:07:33.833995
2024-12-11 16:45:06,551 - INFO - Index 429775: 2024-12-10 16:07:56.183627
2024-12-11 16:45:06,551 - INFO - Index 426130: 2024-12-10 16:08:39.843122
2024-12-11 16:45:06,552 - INFO - Index 429956: 2024-12-10 16:09:00.931122
2024-12-11 16:45:06,552 - INFO - Index 429961: 2024-12-10 16:09:16.125214
2024-12-11 16:45:06,552 - INFO - Index 429967: 2024-12-10 16:09:33.410871
2024-12-11 16:45:06,553 - INFO - Index 437339: 2024-12-10 16:09:47.574971
2024-12-11 16:45:06,553 - INFO - Index 422328: 2024-12-10 16:10:17.637146
2024-12-11 16:45:06,553 - INFO - Index 440329: 2024-12-10 16:10:52.614766
2024-12-11 16:45:06,553 - INFO - Index 426717: 2024-12-10 16:11:20.706500
2024-12-11 16:45:06,553 - INFO - Index 439181: 2024-12-10 16:12:16.167470
2024-12-11 16:45:06,553 - INFO - Index 429791: 2024-12-10 16:12:41.017585
2024-12-11 16:45:06,553 - INFO - Index 429798: 2024-12-10 16:13:01.339741
2024-12-11 16:45:06,553 - INFO - Index 435794: 2024-12-10 16:13:18.826974
2024-12-11 16:45:06,553 - INFO - Index 445468: 2024-12-10 16:13:48.468771
2024-12-11 16:45:06,553 - INFO - Index 445480: 2024-12-10 16:14:19.942054
2024-12-11 16:45:06,553 - INFO - Index 435271: 2024-12-10 16:14:35.249402
2024-12-11 16:45:06,553 - INFO - Index 435801: 2024-12-10 16:15:05.349905
2024-12-11 16:45:06,553 - INFO - Index 429991: 2024-12-10 16:15:51.827856
2024-12-11 16:45:06,553 - INFO - Index 435227: 2024-12-10 16:16:11.581288
2024-12-11 16:45:06,553 - INFO - Index 440342: 2024-12-10 16:16:25.755777
2024-12-11 16:45:06,553 - INFO - Index 446329: 2024-12-10 16:16:41.015146
2024-12-11 16:45:06,553 - INFO - Index 447954: 2024-12-10 16:17:21.295817
2024-12-11 16:45:06,553 - INFO - Index 444495: 2024-12-10 16:18:06.095647
2024-12-11 16:45:06,553 - INFO - Index 445486: 2024-12-10 16:18:23.380886
2024-12-11 16:45:06,553 - INFO - Index 437366: 2024-12-10 16:18:45.563406
2024-12-11 16:45:06,553 - INFO - Index 450587: 2024-12-10 16:19:34.442626
2024-12-11 16:45:06,553 - INFO - Index 435282: 2024-12-10 16:19:59.805655
2024-12-11 16:45:06,553 - INFO - Index 429855: 2024-12-10 16:22:11.280997
2024-12-11 16:45:06,553 - INFO - Index 436739: 2024-12-10 16:23:18.378343
2024-12-11 16:45:06,553 - INFO - Index 446357: 2024-12-10 16:23:33.175028
2024-12-11 16:45:06,553 - INFO - Index 429860: 2024-12-10 16:24:06.639710
2024-12-11 16:45:06,553 - INFO - Index 440083: 2024-12-10 16:52:17.221944
2024-12-11 16:45:06,553 - INFO - Index 442472: 2024-12-10 16:55:15.510431
2024-12-11 16:45:06,553 - INFO - Index 431265: 2024-12-10 16:56:23.343238
2024-12-11 16:45:06,553 - INFO - Index 438275: 2024-12-10 16:56:41.628054
2024-12-11 16:45:06,553 - INFO - Index 447160: 2024-12-10 16:57:29.472614
2024-12-11 16:45:06,553 - INFO - Index 434769: 2024-12-10 16:57:55.698095
2024-12-11 16:45:06,553 - INFO - Index 439745: 2024-12-10 16:58:25.166811
2024-12-11 16:45:06,553 - INFO - Index 443401: 2024-12-10 16:59:01.168621
2024-12-11 16:45:06,553 - INFO - Index 438106: 2024-12-10 16:59:26.446698
2024-12-11 16:45:06,553 - INFO - Index 433988: 2024-12-10 16:59:54.558741
2024-12-11 16:45:06,553 - INFO - Index 434792: 2024-12-10 17:00:22.891655
2024-12-11 16:45:06,553 - INFO - Index 433741: 2024-12-10 17:00:48.085007
2024-12-11 16:45:06,553 - INFO - Index 434004: 2024-12-10 17:02:05.122825
2024-12-11 16:45:06,553 - INFO - Index 431288: 2024-12-10 17:02:20.297214
2024-12-11 16:45:06,553 - INFO - Index 439785: 2024-12-10 17:03:08.552953
2024-12-11 16:45:06,553 - INFO - Index 431296: 2024-12-10 17:03:43.307413
2024-12-11 16:45:06,553 - INFO - Index 434801: 2024-12-10 17:04:16.965325
2024-12-11 16:45:06,553 - INFO - Index 447179: 2024-12-10 17:05:25.178974
2024-12-11 16:45:06,553 - INFO - Index 447181: 2024-12-10 17:06:24.626311
2024-12-11 16:45:06,553 - INFO - Index 440147: 2024-12-10 17:09:06.151629
2024-12-11 16:45:06,553 - INFO - Index 447189: 2024-12-10 17:10:43.734758
2024-12-11 16:45:06,553 - INFO - Index 436990: 2024-12-10 17:11:50.467806
2024-12-11 16:45:06,553 - INFO - Index 439836: 2024-12-10 17:12:07.730196
2024-12-11 16:45:06,553 - INFO - Index 431317: 2024-12-10 17:12:45.036219
2024-12-11 16:45:06,553 - INFO - Index 433801: 2024-12-10 17:13:11.487098
2024-12-11 16:45:06,553 - INFO - Index 450695: 2024-12-10 17:13:55.941328
2024-12-11 16:45:06,553 - INFO - Index 450910: 2024-12-10 17:14:19.272287
2024-12-11 16:45:06,553 - INFO - Index 433818: 2024-12-10 17:14:57.186217
2024-12-11 16:45:06,553 - INFO - Index 443442: 2024-12-10 17:16:01.839030
2024-12-11 16:45:06,553 - INFO - Index 437010: 2024-12-10 17:17:07.514353
2024-12-11 16:45:06,553 - INFO - Index 457556: 2024-12-10 17:24:01.467639
2024-12-11 16:45:06,553 - INFO - Index 457557: 2024-12-10 17:24:01.522357
2024-12-11 16:45:06,553 - INFO - Index 457558: 2024-12-10 17:24:01.580011
2024-12-11 16:45:06,553 - INFO - Index 457993: 2024-12-10 17:24:01.657951
2024-12-11 16:45:06,553 - INFO - Index 457994: 2024-12-10 17:24:01.695826
2024-12-11 16:45:06,553 - INFO - Index 457995: 2024-12-10 17:24:01.737423
2024-12-11 16:45:06,553 - INFO - Index 457996: 2024-12-10 17:24:01.783590
2024-12-11 16:45:06,553 - INFO - Index 457997: 2024-12-10 17:24:01.824512
2024-12-11 16:45:06,553 - INFO - Index 457998: 2024-12-10 17:24:01.860265
2024-12-11 16:45:06,553 - INFO - Index 457999: 2024-12-10 17:24:01.911924
2024-12-11 16:45:06,553 - INFO - Index 458000: 2024-12-10 17:24:01.993229
2024-12-11 16:45:06,553 - INFO - Index 458001: 2024-12-10 17:24:02.028676
2024-12-11 16:45:06,553 - INFO - Index 458002: 2024-12-10 17:24:02.063092
2024-12-11 16:45:06,553 - INFO - Index 458003: 2024-12-10 17:24:02.094510
2024-12-11 16:45:06,553 - INFO - Index 458004: 2024-12-10 17:24:02.125774
2024-12-11 16:45:06,553 - INFO - Index 458005: 2024-12-10 17:24:02.178666
2024-12-11 16:45:06,553 - INFO - Index 459044: 2024-12-10 17:24:02.258185
2024-12-11 16:45:06,553 - INFO - Index 459045: 2024-12-10 17:24:02.290834
2024-12-11 16:45:06,553 - INFO - Index 459046: 2024-12-10 17:24:02.323637
2024-12-11 16:45:06,553 - INFO - Index 459047: 2024-12-10 17:24:02.366297
2024-12-11 16:45:06,553 - INFO - Index 459048: 2024-12-10 17:24:02.398172
2024-12-11 16:45:06,553 - INFO - Index 459049: 2024-12-10 17:24:02.447789
2024-12-11 16:45:06,553 - INFO - Index 459050: 2024-12-10 17:24:02.478115
2024-12-11 16:45:06,553 - INFO - Index 459051: 2024-12-10 17:24:02.553259
2024-12-11 16:45:06,553 - INFO - Index 459052: 2024-12-10 17:24:02.616170
2024-12-11 16:45:06,553 - INFO - Index 459053: 2024-12-10 17:24:02.703936
2024-12-11 16:45:06,553 - INFO - Index 459054: 2024-12-10 17:24:02.785525
2024-12-11 16:45:06,553 - INFO - Index 459055: 2024-12-10 17:24:02.868175
2024-12-11 16:45:06,553 - INFO - Index 459056: 2024-12-10 17:24:02.948920
2024-12-11 16:45:06,553 - INFO - Index 470195: 2024-12-10 17:24:03.325853
2024-12-11 16:45:06,553 - INFO - Index 470196: 2024-12-10 17:24:03.378050
2024-12-11 16:45:06,553 - INFO - Index 470197: 2024-12-10 17:24:03.454465
2024-12-11 16:45:06,553 - INFO - Index 470198: 2024-12-10 17:24:03.499311
2024-12-11 16:45:06,553 - INFO - Index 470199: 2024-12-10 17:24:03.534981
2024-12-11 16:45:06,553 - INFO - Index 470200: 2024-12-10 17:24:03.624376
2024-12-11 16:45:06,553 - INFO - Index 470201: 2024-12-10 17:24:03.680349
2024-12-11 16:45:06,553 - INFO - Index 470202: 2024-12-10 17:24:03.735959
2024-12-11 16:45:06,553 - INFO - Index 470203: 2024-12-10 17:24:03.792198
2024-12-11 16:45:06,553 - INFO - Index 470204: 2024-12-10 17:24:03.884041
2024-12-11 16:45:06,553 - INFO - Index 471063: 2024-12-10 17:24:03.933452
2024-12-11 16:45:06,553 - INFO - Index 471064: 2024-12-10 17:24:03.969493
2024-12-11 16:45:06,553 - INFO - Index 471065: 2024-12-10 17:24:04.009896
2024-12-11 16:45:06,553 - INFO - Index 471066: 2024-12-10 17:24:04.049345
2024-12-11 16:45:06,553 - INFO - Index 471067: 2024-12-10 17:24:04.093564
2024-12-11 16:45:06,553 - INFO - Index 471068: 2024-12-10 17:24:04.144551
2024-12-11 16:45:06,553 - INFO - Index 471069: 2024-12-10 17:24:04.187238
2024-12-11 16:45:06,553 - INFO - Index 471070: 2024-12-10 17:24:04.248184
2024-12-11 16:45:06,553 - INFO - Index 471071: 2024-12-10 17:24:04.306476
2024-12-11 16:45:06,553 - INFO - Index 471072: 2024-12-10 17:24:04.348709
2024-12-11 16:45:06,553 - INFO - Index 471073: 2024-12-10 17:24:04.432239
2024-12-11 16:45:06,553 - INFO - Index 459567: 2024-12-10 17:24:04.488446
2024-12-11 16:45:06,553 - INFO - Index 471074: 2024-12-10 17:24:04.504827
2024-12-11 16:45:06,553 - INFO - Index 459568: 2024-12-10 17:24:04.527457
2024-12-11 16:45:06,553 - INFO - Index 459569: 2024-12-10 17:24:04.579910
2024-12-11 16:45:06,553 - INFO - Index 471075: 2024-12-10 17:24:04.595803
2024-12-11 16:45:06,553 - INFO - Index 459570: 2024-12-10 17:24:04.632472
2024-12-11 16:45:06,553 - INFO - Index 471076: 2024-12-10 17:24:04.684620
2024-12-11 16:45:06,553 - INFO - Index 459571: 2024-12-10 17:24:04.717859
2024-12-11 16:45:06,553 - INFO - Index 472046: 2024-12-10 17:24:04.771596
2024-12-11 16:45:06,553 - INFO - Index 459572: 2024-12-10 17:24:04.792394
2024-12-11 16:45:06,553 - INFO - Index 472047: 2024-12-10 17:24:04.831154
2024-12-11 16:45:06,553 - INFO - Index 459573: 2024-12-10 17:24:04.877987
2024-12-11 16:45:06,553 - INFO - Index 472048: 2024-12-10 17:24:04.918502
2024-12-11 16:45:06,553 - INFO - Index 459574: 2024-12-10 17:24:04.961981
2024-12-11 16:45:06,553 - INFO - Index 472049: 2024-12-10 17:24:05.010589
2024-12-11 16:45:06,553 - INFO - Index 459575: 2024-12-10 17:24:05.030501
2024-12-11 16:45:06,553 - INFO - Index 459577: 2024-12-10 17:24:05.082489
2024-12-11 16:45:06,553 - INFO - Index 459578: 2024-12-10 17:24:05.136485
2024-12-11 16:45:06,553 - INFO - Index 459579: 2024-12-10 17:24:05.195136
2024-12-11 16:45:06,553 - INFO - Index 461239: 2024-12-10 17:24:05.274229
2024-12-11 16:45:06,553 - INFO - Index 461240: 2024-12-10 17:24:05.360437
2024-12-11 16:45:06,553 - INFO - Index 461241: 2024-12-10 17:24:05.392071
2024-12-11 16:45:06,553 - INFO - Index 461242: 2024-12-10 17:24:05.437948
2024-12-11 16:45:06,553 - INFO - Index 461243: 2024-12-10 17:24:05.521694
2024-12-11 16:45:06,553 - INFO - Index 443272: 2024-12-10 17:28:16.042576
2024-12-11 16:45:06,553 - INFO - Index 427280: 2024-12-10 17:28:43.447358
2024-12-11 16:45:06,553 - INFO - Index 437049: 2024-12-10 17:29:15.761984
2024-12-11 16:45:06,553 - INFO - Index 434877: 2024-12-10 17:29:31.788015
2024-12-11 16:45:06,553 - INFO - Index 438200: 2024-12-10 17:29:46.968738
2024-12-11 16:45:06,553 - INFO - Index 447318: 2024-12-10 17:30:34.794357
2024-12-11 16:45:06,553 - INFO - Index 450795: 2024-12-10 17:31:00.202197
2024-12-11 16:45:06,553 - INFO - Index 442389: 2024-12-10 17:31:15.813617
2024-12-11 16:45:06,553 - INFO - Index 442611: 2024-12-10 17:31:31.296392
2024-12-11 16:45:06,553 - INFO - Index 443300: 2024-12-10 17:31:43.148820
2024-12-11 16:45:06,553 - INFO - Index 442397: 2024-12-10 17:31:56.363866
2024-12-11 16:45:06,553 - INFO - Index 442618: 2024-12-10 17:32:13.626067
2024-12-11 16:45:06,553 - INFO - Index 427076: 2024-12-10 17:37:00.728262
2024-12-11 16:45:06,553 - INFO - Index 427077: 2024-12-10 17:37:00.811323
2024-12-11 16:45:06,553 - INFO - Index 427078: 2024-12-10 17:37:00.884015
2024-12-11 16:45:06,553 - INFO - Index 427079: 2024-12-10 17:37:00.937357
2024-12-11 16:45:06,553 - INFO - Index 427080: 2024-12-10 17:37:01.029042
2024-12-11 16:45:06,553 - INFO - Index 427081: 2024-12-10 17:37:01.078347
2024-12-11 16:45:06,553 - INFO - Index 427082: 2024-12-10 17:37:01.125021
2024-12-11 16:45:06,553 - INFO - Index 427083: 2024-12-10 17:37:01.143086
2024-12-11 16:45:06,553 - INFO - Index 427084: 2024-12-10 17:37:01.166950
2024-12-11 16:45:06,553 - INFO - Index 461864: 2024-12-10 17:37:03.348178
2024-12-11 16:45:06,553 - INFO - Index 461865: 2024-12-10 17:37:03.380362
2024-12-11 16:45:06,553 - INFO - Index 461866: 2024-12-10 17:37:03.412583
2024-12-11 16:45:06,553 - INFO - Index 472539: 2024-12-10 17:41:58.320158
2024-12-11 16:45:06,553 - INFO - Index 473859: 2024-12-10 17:44:05.257504
2024-12-11 16:45:06,553 - INFO - Index 469285: 2024-12-10 17:45:05.781857
2024-12-11 16:45:06,553 - INFO - Index 468806: 2024-12-10 17:46:23.604291
2024-12-11 16:45:06,553 - INFO - Index 463945: 2024-12-10 17:48:02.240847
2024-12-11 16:45:06,553 - INFO - Index 469297: 2024-12-10 17:48:17.676707
2024-12-11 16:45:06,553 - INFO - Index 467125: 2024-12-10 17:48:33.132840
2024-12-11 16:45:06,553 - INFO - Attempting to read WLM Assignments file: C:\Users\jacob.bues\GXOPlanning\iSTOP_Analysis\WLM_Assignments_09_12_2024_10_12_2024.csv
2024-12-11 16:45:06,703 - INFO - WLM Assignments file loaded. Total rows: 40188
2024-12-11 16:45:06,705 - INFO - Converting WLM Assignments Start TM to datetime
2024-12-11 16:45:06,729 - INFO - Total rows in WLM Assignments before iSTOP filter: 40188
2024-12-11 16:45:06,733 - INFO - Total iSTOP rows after filtering: 1313
2024-12-11 16:45:06,735 - ERROR - An unexpected error occurred: 'Start Date'
Traceback (most recent call last):
  File "C:\Users\jacob.bues\GXOPlanning\Lib\site-packages\pandas\core\indexes\base.py", line 3805, in get_loc
    return self._engine.get_loc(casted_key)
           ^^^^^^^^^^^^^^^^^^^^^^^^^^^^^^^^
  File "index.pyx", line 167, in pandas._libs.index.IndexEngine.get_loc
  File "index.pyx", line 196, in pandas._libs.index.IndexEngine.get_loc
  File "pandas\\_libs\\hashtable_class_helper.pxi", line 7081, in pandas._libs.hashtable.PyObjectHashTable.get_item
  File "pandas\\_libs\\hashtable_class_helper.pxi", line 7089, in pandas._libs.hashtable.PyObjectHashTable.get_item
KeyError: 'Start Date'

The above exception was the direct cause of the following exception:

Traceback (most recent call last):
  File "c:\Users\jacob.bues\GXOPlanning\iSTOP_to_Last_Pick.py", line 121, in <module>
    istop_date = istop_row['Start Date']
                 ~~~~~~~~~^^^^^^^^^^^^^^
  File "C:\Users\jacob.bues\GXOPlanning\Lib\site-packages\pandas\core\series.py", line 1121, in __getitem__
    return self._get_value(key)
           ^^^^^^^^^^^^^^^^^^^^
  File "C:\Users\jacob.bues\GXOPlanning\Lib\site-packages\pandas\core\series.py", line 1237, in _get_value
    loc = self.index.get_loc(label)
          ^^^^^^^^^^^^^^^^^^^^^^^^^
  File "C:\Users\jacob.bues\GXOPlanning\Lib\site-packages\pandas\core\indexes\base.py", line 3812, in get_loc
    raise KeyError(key) from err
KeyError: 'Start Date'
